0 info it worked if it ends with ok
1 verbose cli [ 'node', '/usr/local/bin/npm', 'install' ]
2 info using npm@2.13.1
3 info using node@v0.12.7
4 verbose node symlink /usr/local/bin/node
5 verbose readDependencies loading dependencies from /Users/justinthielke/Projects/advantageNode/package.json
6 error install Couldn't read dependencies
7 verbose stack Error: Failed to parse json
7 verbose stack Unexpected token '/' at 3:5
7 verbose stack     // "bcrypt": "^0.8.5",
7 verbose stack     ^
7 verbose stack     at parseError (/usr/local/lib/node_modules/npm/node_modules/read-package-json/read-json.js:379:11)
7 verbose stack     at parseJson (/usr/local/lib/node_modules/npm/node_modules/read-package-json/read-json.js:68:23)
7 verbose stack     at /usr/local/lib/node_modules/npm/node_modules/read-package-json/read-json.js:48:5
7 verbose stack     at evalmachine.<anonymous>:334:14
7 verbose stack     at /usr/local/lib/node_modules/npm/node_modules/read-package-json/node_modules/graceful-fs/graceful-fs.js:102:5
7 verbose stack     at FSReqWrap.oncomplete (evalmachine.<anonymous>:95:15)
8 verbose cwd /Users/justinthielke/Projects/advantageNode
9 error Darwin 14.4.0
10 error argv "node" "/usr/local/bin/npm" "install"
11 error node v0.12.7
12 error npm  v2.13.1
13 error file /Users/justinthielke/Projects/advantageNode/package.json
14 error code EJSONPARSE
15 error Failed to parse json
15 error Unexpected token '/' at 3:5
15 error     // "bcrypt": "^0.8.5",
15 error     ^
16 error File: /Users/justinthielke/Projects/advantageNode/package.json
17 error Failed to parse package.json data.
17 error package.json must be actual JSON, not just JavaScript.
17 error
17 error This is not a bug in npm.
17 error Tell the package author to fix their package.json file. JSON.parse
18 verbose exit [ 1, true ]
